<?xml version="1.0" encoding="UTF-8"?>
<testsuite xmlns:xsi="http://www.w3.org/2001/XMLSchema-instance" xsi:noNamespaceSchemaLocation="https://maven.apache.org/surefire/maven-surefire-plugin/xsd/surefire-test-report-3.0.xsd" version="3.0" name="com.example.container.ContainerApplicationTests" time="4.895" tests="1" errors="0" skipped="0" failures="0">
  <properties>
[...]
</properties>
  <testcase name="contextLoads" classname="com.example.container.ContainerApplicationTests" time="1.601">
    <system-out><![CDATA[18:20:31.072 [main] INFO org.springframework.test.context.support.AnnotationConfigContextLoaderUtils -- Could not detect default configuration classes for test class [com.example.container.ContainerApplicationTests]: ContainerApplicationTests does not declare any static, non-private, non-final, nested classes annotated with @Configuration.
18:20:31.309 [main] INFO org.springframework.boot.test.context.SpringBootTestContextBootstrapper -- Found @SpringBootConfiguration com.example.container.ContainerApplication for test class com.example.container.ContainerApplicationTests
18:20:31.630 [main] INFO org.springframework.boot.devtools.restart.RestartApplicationListener -- Restart disabled due to context in which it is running

  .   ____          _            __ _ _
 /\\ / ___'_ __ _ _(_)_ __  __ _ \ \ \ \
( ( )\___ | '_ | '_| | '_ \/ _` | \ \ \ \
 \\/  ___)| |_)| | | | | || (_| |  ) ) ) )
  '  |____| .__|_| |_|_| |_\__, | / / / /
 =========|_|==============|___/=/_/_/_/
 :: Spring Boot ::                (v3.2.2)

2024-03-24T18:20:31.909-03:00  INFO 16216 --- [           main] c.e.container.ContainerApplicationTests  : Starting ContainerApplicationTests using Java 17.0.5 with PID 16216 (started by prati in C:\Program Files (x86)\Google\Cloud SDK\Container1)
2024-03-24T18:20:31.911-03:00  INFO 16216 --- [           main] c.e.container.ContainerApplicationTests  : No active profile set, falling back to 1 default profile: "default"
2024-03-24T18:20:33.131-03:00  WARN 16216 --- [           main] trationDelegate$BeanPostProcessorChecker : Bean 'org.springframework.ws.config.annotation.DelegatingWsConfiguration' of type [org.springframework.ws.config.annotation.DelegatingWsConfiguration$$SpringCGLIB$$0] is not eligible for getting processed by all BeanPostProcessors (for example: not eligible for auto-proxying). The currently created BeanPostProcessor [annotationActionEndpointMapping] is declared through a non-static factory method on that class; consider declaring it as static instead.
2024-03-24T18:20:33.217-03:00  INFO 16216 --- [           main] .w.s.a.s.AnnotationActionEndpointMapping : Supporting [WS-Addressing August 2004, WS-Addressing 1.0]
2024-03-24T18:20:34.051-03:00  INFO 16216 --- [           main] c.e.container.ContainerApplicationTests  : Started ContainerApplicationTests in 2.442 seconds (process running for 4.326)
]]></system-out>
  </testcase>
</testsuite>